#
# A fatal error has been detected by the Java Runtime Environment:
#
#  SIGSEGV (0xb) at pc=0xf00007fd695c6766, pid=65477, tid=6147
#
# JRE version: OpenJDK Runtime Environment (23.0.1+11) (build 23.0.1+11-39)
# Java VM: OpenJDK 64-Bit Server VM (23.0.1+11-39, mixed mode, sharing, tiered, compressed oops, compressed class ptrs, g1 gc, bsd-amd64)
# Problematic frame:
# C  0xf00007fd695c6766
#
# No core dump will be written. Core dumps have been disabled. To enable core dumping, try "ulimit -c unlimited" before starting Java again
#
# If you would like to submit a bug report, please visit:
#   https://bugreport.java.com/bugreport/crash.jsp
#

---------------  S U M M A R Y ------------

Command Line: -Djava.awt.headless=true --add-opens=java.base/java.lang=ALL-UNNAMED -Xrs vfprintf exit -Xss2m 

Host: "Mac14,2" x86_64 (EMULATED) 2400 MHz, 8 cores, 8G, Darwin 23.6.0, macOS 14.8.3 (23J220)
Time: Fri May  8 16:17:53 2026 CDT elapsed time: 60328.552621 seconds (0d 16h 45m 28s)

---------------  T H R E A D  ---------------

Current thread is native thread

Stack: [0x000000030a004000,0x000000030a084000],  sp=0x000000030a082b78,  free space=506k
Native frames: (J=compiled Java code, j=interpreted, Vv=VM code, C=native code)
C  0xf00007fd695c6766
V  [libjvm.dylib+0x9c518e]  JVM_handle_bsd_signal+0x11e
C  [libsystem_platform.dylib+0x3fdd]  _sigtramp+0x1d
C  0x0000000000000002
C  [rsession+0x904a81]  rd_traceback+0x61dc11
C  [rsession+0x963d50]  rd_traceback+0x67cee0
C  [rsession+0x900eab]  rd_traceback+0x61a03b
C  [rsession+0xaa6b1d]  rd_traceback+0x7bfcad
C  [libsystem_pthread.dylib+0x611f]  _pthread_start+0x63
C  [libsystem_pthread.dylib+0x1ac3]  thread_start+0xf

siginfo: si_signo: 11 (SIGSEGV), si_code: 1 (SEGV_MAPERR), si_addr: 0xf00007fd695c6766

Registers:
RAX=0x0000000000000000, RBX=0x000000000000000b, RCX=0x0000000000000000, RDX=0x000000010eab9088
RSP=0x000000030a082b78, RBP=0x000000030a082bc0, RSI=0x000000010eab9020, RDI=0x000000000000000b
R8 =0x000000010eab9088, R9 =0xb92d78c7e77ae1e0, R10=0x000000011d2ff7f8, R11=0x0000000000000000
R12=0xf00007fd695c6766, R13=0x00000000700007fd, R14=0xf00007fd695c6766, R15=0x0000000000000000
RIP=0xf00007fd695c6766, EFLAGS=0x0000000000000202, ERR=0x0000000000000014
  TRAPNO=0x000000000000000e


Top of Stack: (sp=0x000000030a082b78)
0x000000030a082b78:   000000011ce5901b 000000010eab9088
0x000000030a082b88:   000000010eab9020 fffef86700000000
0x000000030a082b98:   0000000000000001 000000000000000b
0x000000030a082ba8:   0000000000000000 0000000102e0e249
0x000000030a082bb8:   000000010eab9088 000000030a082c40
0x000000030a082bc8:   000000011ce5918e 0000000000000698
0x000000030a082bd8:   0000000000000002 0000000000000009
0x000000030a082be8:   00007fd6e4000000 000000030a082c80
0x000000030a082bf8:   00007ff81a64a2bc 00007fd714077b20
0x000000030a082c08:   000000010000013c 000000010eab9020
0x000000030a082c18:   000000010eab9088 b92d78c7e77ae1e0
0x000000030a082c28:   03d1d40103d1d500 000000030a084000
0x000000030a082c38:   0000000000118500 000000030a082c50
0x000000030a082c48:   00007ff81a856fdd 000000030a083c70
0x000000030a082c58:   0000000000000002 0000000000000002
0x000000030a082c68:   00007ff81a6a5876 0000000000000000
0x000000030a082c78:   0000000000000403 000000030a082ce0
0x000000030a082c88:   000000030a082ce0 00007fd7137301b0
0x000000030a082c98:   0000000000000006 000000030a082d20
0x000000030a082ca8:   00007ff81a648144 001ffea400000001
0x000000030a082cb8:   0000000000000001 00007fd713729f20
0x000000030a082cc8:   0000000000000006 000000030a082d50
0x000000030a082cd8:   00007ff81a648144 00007fd71402d4c0
0x000000030a082ce8:   800008ff0005ffef 00007fd71402d4c0
0x000000030a082cf8:   000000010d29fa00 000000010d29a080
0x000000030a082d08:   0000000000000000 000000010d2a4000
0x000000030a082d18:   0000000000004600 000000030a082db0
0x000000030a082d28:   00007ff81a64742f 000000010d29a080
0x000000030a082d38:   0000000000000000 000000010d2a4000
0x000000030a082d48:   0000000000004600 000000030a082de0
0x000000030a082d58:   000000061a64742f 0000000000000000
0x000000030a082d68:   0000000000000001 0000000000000006 

Instructions: (pc=0xf00007fd695c6766)
0xf00007fd695c6666:   ?? ?? ?? ?? ?? ?? ?? ?? ?? ?? ?? ?? ?? ?? ?? ??
0xf00007fd695c6676:   ?? ?? ?? ?? ?? ?? ?? ?? ?? ?? ?? ?? ?? ?? ?? ??
0xf00007fd695c6686:   ?? ?? ?? ?? ?? ?? ?? ?? ?? ?? ?? ?? ?? ?? ?? ??
0xf00007fd695c6696:   ?? ?? ?? ?? ?? ?? ?? ?? ?? ?? ?? ?? ?? ?? ?? ??
0xf00007fd695c66a6:   ?? ?? ?? ?? ?? ?? ?? ?? ?? ?? ?? ?? ?? ?? ?? ??
0xf00007fd695c66b6:   ?? ?? ?? ?? ?? ?? ?? ?? ?? ?? ?? ?? ?? ?? ?? ??
0xf00007fd695c66c6:   ?? ?? ?? ?? ?? ?? ?? ?? ?? ?? ?? ?? ?? ?? ?? ??
0xf00007fd695c66d6:   ?? ?? ?? ?? ?? ?? ?? ?? ?? ?? ?? ?? ?? ?? ?? ??
0xf00007fd695c66e6:   ?? ?? ?? ?? ?? ?? ?? ?? ?? ?? ?? ?? ?? ?? ?? ??
0xf00007fd695c66f6:   ?? ?? ?? ?? ?? ?? ?? ?? ?? ?? ?? ?? ?? ?? ?? ??
0xf00007fd695c6706:   ?? ?? ?? ?? ?? ?? ?? ?? ?? ?? ?? ?? ?? ?? ?? ??
0xf00007fd695c6716:   ?? ?? ?? ?? ?? ?? ?? ?? ?? ?? ?? ?? ?? ?? ?? ??
0xf00007fd695c6726:   ?? ?? ?? ?? ?? ?? ?? ?? ?? ?? ?? ?? ?? ?? ?? ??
0xf00007fd695c6736:   ?? ?? ?? ?? ?? ?? ?? ?? ?? ?? ?? ?? ?? ?? ?? ??
0xf00007fd695c6746:   ?? ?? ?? ?? ?? ?? ?? ?? ?? ?? ?? ?? ?? ?? ?? ??
0xf00007fd695c6756:   ?? ?? ?? ?? ?? ?? ?? ?? ?? ?? ?? ?? ?? ?? ?? ??
0xf00007fd695c6766:   ?? ?? ?? ?? ?? ?? ?? ?? ?? ?? ?? ?? ?? ?? ?? ??
0xf00007fd695c6776:   ?? ?? ?? ?? ?? ?? ?? ?? ?? ?? ?? ?? ?? ?? ?? ??
0xf00007fd695c6786:   ?? ?? ?? ?? ?? ?? ?? ?? ?? ?? ?? ?? ?? ?? ?? 